<?xml version="1.0" encoding="UTF-8"?>
<testng-results skipped="0" failed="0" total="3" passed="3">
  <reporter-output>
  </reporter-output>
  <suite name="org.maj.sm.SimilarityTest" duration-ms="325" started-at="2014-07-29T13:32:37Z" finished-at="2014-07-29T13:32:37Z">
    <groups>
    </groups>
    <test name="Command line test" duration-ms="325" started-at="2014-07-29T13:32:37Z" finished-at="2014-07-29T13:32:37Z">
      <class name="org.maj.sm.SimilarityTest">
        <test-method status="PASS" signature="calculateSim()[pri:0, instance:org.maj.sm.SimilarityTest@787e0ef9]" name="calculateSim" duration-ms="87" started-at="2014-07-29T13:32:37Z" finished-at="2014-07-29T13:32:37Z">
        </test-method> <!-- calculateSim -->
        <test-method status="PASS" signature="testKW()[pri:0, instance:org.maj.sm.SimilarityTest@787e0ef9]" name="testKW" duration-ms="224" started-at="2014-07-29T13:32:37Z" finished-at="2014-07-29T13:32:37Z">
        </test-method> <!-- testKW -->
        <test-method status="PASS" signature="testUsingCustomAnalyzer()[pri:0, instance:org.maj.sm.SimilarityTest@787e0ef9]" name="testUsingCustomAnalyzer" duration-ms="1" started-at="2014-07-29T13:32:37Z" finished-at="2014-07-29T13:32:37Z">
        </test-method> <!-- testUsingCustomAnalyzer -->
      </class> <!-- org.maj.sm.SimilarityTest -->
    </test> <!-- Command line test -->
  </suite> <!-- org.maj.sm.SimilarityTest -->
</testng-results>
